-----------------START-----------------
20210507212524：1ページ目のデータ取得
実行中のスレッド数：0
20210507212526：2ページ目のデータ取得
実行中のスレッド数：1
20210507212529：3ページ目のデータ取得
実行中のスレッド数：2
20210507212532：4ページ目のデータ取得
実行中のスレッド数：2
20210507212534：5ページ目のデータ取得
実行中のスレッド数：2
20210507212537：6ページ目のデータ取得
実行中のスレッド数：2
20210507212540：7ページ目のデータ取得
実行中のスレッド数：3
20210507212543：8ページ目のデータ取得
実行中のスレッド数：2
20210507212545：9ページ目のデータ取得
実行中のスレッド数：3
20210507212548：10ページ目のデータ取得
実行中のスレッド数：2
20210507212550：11ページ目のデータ取得
実行中のスレッド数：3
11ページ：536件のデータを取得しました
-----------------END-----------------
